Using pre-set license
Built from '2020.3/staging' branch; Version is '2020.3.18f1 (a7d1c678663c) revision 10998214'; Using compiler version '192528614'; Build Type 'Release'
OS: 'Windows 10 Home; OS build 19043.1645; Version 2009; 64bit' Language: 'it' Physical Memory: 16244 MB
BatchMode: 1, IsHumanControllingUs: 0, StartBugReporterOnCrash: 0, Is64bit: 1, IsPro: 0

COMMAND LINE ARGUMENTS:
C:\Program Files\Unity\Hub\Editor\2020.3.18f1\Editor\Unity.exe
-adb2
-batchMode
-noUpm
-name
AssetImportWorker0
-projectPath
C:/Users/Gabriele/Documents/GitHub/FinalBazWorkingtitle/Final Baz Project
-logFile
Logs/AssetImportWorker0.log
-srvPort
61113
Successfully changed project path to: C:/Users/Gabriele/Documents/GitHub/FinalBazWorkingtitle/Final Baz Project
C:/Users/Gabriele/Documents/GitHub/FinalBazWorkingtitle/Final Baz Project
Using Asset Import Pipeline V2.
Refreshing native plugins compatible for Editor in 93.95 ms, found 2 plugins.
Preloading 0 native plugins for Editor in 0.00 ms.
Initialize engine version: 2020.3.18f1 (a7d1c678663c)
[Subsystems] Discovering subsystems at path C:/Program Files/Unity/Hub/Editor/2020.3.18f1/Editor/Data/Resources/UnitySubsystems
[Subsystems] Discovering subsystems at path C:/Users/Gabriele/Documents/GitHub/FinalBazWorkingtitle/Final Baz Project/Assets
GfxDevice: creating device client; threaded=0
Direct3D:
    Version:  Direct3D 11.0 [level 11.1]
    Renderer: NVIDIA GeForce GTX 1060 6GB (ID=0x1c03)
    Vendor:   
    VRAM:     6052 MB
    Driver:   30.0.15.1179
Initialize mono
Mono path[0] = 'C:/Program Files/Unity/Hub/Editor/2020.3.18f1/Editor/Data/Managed'
Mono path[1] = 'C:/Program Files/Unity/Hub/Editor/2020.3.18f1/Editor/Data/MonoBleedingEdge/lib/mono/unityjit'
Mono config path = 'C:/Program Files/Unity/Hub/Editor/2020.3.18f1/Editor/Data/MonoBleedingEdge/etc'
Using monoOptions --debugger-agent=transport=dt_socket,embedding=1,server=y,suspend=n,address=127.0.0.1:56152
Begin MonoManager ReloadAssembly
Registering precompiled unity dll's ...
Register platform support module: C:/Program Files/Unity/Hub/Editor/2020.3.18f1/Editor/Data/PlaybackEngines/WindowsStandaloneSupport/UnityEditor.WindowsStandalone.Extensions.dll
Registered in 0.001676 seconds.
Native extension for WindowsStandalone target not found
Refreshing native plugins compatible for Editor in 50.74 ms, found 2 plugins.
Preloading 0 native plugins for Editor in 0.00 ms.
Mono: successfully reloaded assembly
- Completed reload, in  1.651 seconds
Domain Reload Profiling:
	ReloadAssembly (1651ms)
		BeginReloadAssembly (52ms)
			ExecutionOrderSort (0ms)
			DisableScriptedObjects (0ms)
			BackupInstance (0ms)
			ReleaseScriptingObjects (0ms)
			CreateAndSetChildDomain (1ms)
		EndReloadAssembly (358ms)
			LoadAssemblies (50ms)
			RebuildTransferFunctionScriptingTraits (0ms)
			SetupTypeCache (123ms)
			ReleaseScriptCaches (0ms)
			RebuildScriptCaches (24ms)
			SetupLoadedEditorAssemblies (153ms)
				LogAssemblyErrors (0ms)
				InitializePlatformSupportModulesInManaged (3ms)
				SetLoadedEditorAssemblies (0ms)
				RefreshPlugins (51ms)
				BeforeProcessingInitializeOnLoad (13ms)
				ProcessInitializeOnLoadAttributes (62ms)
				ProcessInitializeOnLoadMethodAttributes (23ms)
				AfterProcessingInitializeOnLoad (0ms)
				EditorAssembliesLoaded (0ms)
			ExecutionOrderSort2 (0ms)
			AwakeInstancesAfterBackupRestoration (0ms)
Platform modules already initialized, skipping
Registering precompiled user dll's ...
Registered in 0.003221 seconds.
Begin MonoManager ReloadAssembly
Native extension for WindowsStandalone target not found
Refreshing native plugins compatible for Editor in 52.47 ms, found 2 plugins.
Preloading 0 native plugins for Editor in 0.00 ms.
Mono: successfully reloaded assembly
- Completed reload, in  1.042 seconds
Domain Reload Profiling:
	ReloadAssembly (1043ms)
		BeginReloadAssembly (122ms)
			ExecutionOrderSort (0ms)
			DisableScriptedObjects (4ms)
			BackupInstance (0ms)
			ReleaseScriptingObjects (0ms)
			CreateAndSetChildDomain (15ms)
		EndReloadAssembly (868ms)
			LoadAssemblies (83ms)
			RebuildTransferFunctionScriptingTraits (0ms)
			SetupTypeCache (273ms)
			ReleaseScriptCaches (1ms)
			RebuildScriptCaches (53ms)
			SetupLoadedEditorAssemblies (350ms)
				LogAssemblyErrors (0ms)
				InitializePlatformSupportModulesInManaged (3ms)
				SetLoadedEditorAssemblies (0ms)
				RefreshPlugins (53ms)
				BeforeProcessingInitializeOnLoad (85ms)
				ProcessInitializeOnLoadAttributes (200ms)
				ProcessInitializeOnLoadMethodAttributes (4ms)
				AfterProcessingInitializeOnLoad (6ms)
				EditorAssembliesLoaded (0ms)
			ExecutionOrderSort2 (0ms)
			AwakeInstancesAfterBackupRestoration (5ms)
Platform modules already initialized, skipping
========================================================================
Worker process is ready to serve import requests
Launched and connected shader compiler UnityShaderCompiler.exe after 0.03 seconds
Refreshing native plugins compatible for Editor in 1.01 ms, found 2 plugins.
Preloading 0 native plugins for Editor in 0.00 ms.
Unloading 3437 Unused Serialized files (Serialized files now loaded: 0)
System memory in use before: 157.2 MB.
System memory in use after: 157.4 MB.

Unloading 18 unused Assets to reduce memory usage. Loaded Objects now: 3877.
Total: 5.146500 ms (FindLiveObjects: 0.483400 ms CreateObjectMapping: 0.230600 ms MarkObjects: 4.326300 ms  DeleteObjects: 0.105200 ms)

AssetImportParameters requested are different than current active one (requested -> active):
  custom:framework-win-MediaFoundation: 216162199b28c13a410421893ffa2e32 -> 
  custom:video-decoder-ogg-theora: a1e56fd34408186e4bbccfd4996cb3dc -> 
  custom:container-muxer-webm: aa71ff27fc2769a1b78a27578f13a17b -> 
  custom:container-demuxer-webm: 4f35f7cbe854078d1ac9338744f61a02 -> 
  custom:container-demuxer-ogg: 62fdf1f143b41e24485cea50d1cbac27 -> 
  custom:video-encoder-webm-vp8: eb34c28f22e8b96e1ab97ce403110664 -> 
  custom:video-decoder-webm-vp8: 9c59270c3fd7afecdb556c50c9e8de78 -> 
  custom:audio-decoder-ogg-vorbis: bf7c407c2cedff20999df2af8eb42d56 -> 
  custom:audio-encoder-webm-vorbis: bf7c407c2cedff20999df2af8eb42d56 -> 
========================================================================
Received Import Request.
  path: Assets/New Terrain.asset
  artifactKey: Guid(761d013607c12c74792c6ff2edda324d) Importer(815301076,1909f56bfc062723c751e8b465ee728b)
Start importing Assets/New Terrain.asset using Guid(761d013607c12c74792c6ff2edda324d) Importer(815301076,1909f56bfc062723c751e8b465ee728b)  -> (artifact id: 'a1bb88f1de51936e72258546afa70dda') in 0.044951 seconds 
  Import took 0.050931 seconds .

========================================================================
Received Import Request.
  Time since last request: 0.000168 seconds.
  path: Assets/Gabs Stuff/New Material 3.mat
  artifactKey: Guid(0804c8386e19fc04bbd860e76743ddb4) Importer(815301076,1909f56bfc062723c751e8b465ee728b)
Start importing Assets/Gabs Stuff/New Material 3.mat using Guid(0804c8386e19fc04bbd860e76743ddb4) Importer(815301076,1909f56bfc062723c751e8b465ee728b)  -> (artifact id: 'ef1d603c7444f08c96b7ffe31225aa6f') in 0.172845 seconds 
  Import took 0.177928 seconds .

========================================================================
Received Import Request.
  Time since last request: 2667.648657 seconds.
  path: Assets/Erin's stuff
  artifactKey: Guid(4e075306c48207f4189dd47acd94b14d) Importer(815301076,1909f56bfc062723c751e8b465ee728b)
Start importing Assets/Erin's stuff using Guid(4e075306c48207f4189dd47acd94b14d) Importer(815301076,1909f56bfc062723c751e8b465ee728b)  -> (artifact id: '19c4a39d5bfbba0d891256daa1e8daa0') in 0.002241 seconds 
  Import took 0.011183 seconds .

========================================================================
Received Import Request.
  Time since last request: 0.639188 seconds.
  path: Assets/Gallys Stuff
  artifactKey: Guid(74887debb4bbb0245bd1b9a39182fb1b) Importer(815301076,1909f56bfc062723c751e8b465ee728b)
Start importing Assets/Gallys Stuff using Guid(74887debb4bbb0245bd1b9a39182fb1b) Importer(815301076,1909f56bfc062723c751e8b465ee728b)  -> (artifact id: '8a349565731b8139a04531b957d06386') in 0.003368 seconds 
  Import took 0.007816 seconds .

========================================================================
Received Import Request.
  Time since last request: 22.992366 seconds.
  path: Assets/Gabs Stuff/3wxq2e.png
  artifactKey: Guid(e6289e86ac2157c48af2d8d15b8f630c) Importer(815301076,1909f56bfc062723c751e8b465ee728b)
Start importing Assets/Gabs Stuff/3wxq2e.png using Guid(e6289e86ac2157c48af2d8d15b8f630c) Importer(815301076,1909f56bfc062723c751e8b465ee728b)  -> (artifact id: '77478da2c34f9e3e85ace2f5be7c1605') in 0.063898 seconds 
  Import took 0.068484 seconds .

========================================================================
Received Import Request.
  Time since last request: 11.776150 seconds.
  path: Assets/Gabs Stuff/New Material 4.mat
  artifactKey: Guid(462277dcb894fba47980e8dd25b1b078) Importer(815301076,1909f56bfc062723c751e8b465ee728b)
Start importing Assets/Gabs Stuff/New Material 4.mat using Guid(462277dcb894fba47980e8dd25b1b078) Importer(815301076,1909f56bfc062723c751e8b465ee728b)  -> (artifact id: '089303193452c5cac740d94309fae0e9') in 0.012134 seconds 
  Import took 0.016528 seconds .

========================================================================
Received Import Request.
  Time since last request: 63.355047 seconds.
  path: Assets/Gabs Stuff/New Material 4.mat
  artifactKey: Guid(462277dcb894fba47980e8dd25b1b078) Importer(815301076,1909f56bfc062723c751e8b465ee728b)
Start importing Assets/Gabs Stuff/New Material 4.mat using Guid(462277dcb894fba47980e8dd25b1b078) Importer(815301076,1909f56bfc062723c751e8b465ee728b)  -> (artifact id: '76b335675faec57da3c40a6a301637a1') in 0.009324 seconds 
  Import took 0.014087 seconds .

========================================================================
Received Import Request.
  Time since last request: 0.003392 seconds.
  path: Assets/Gabs Stuff/New Material 4.mat
  artifactKey: Guid(462277dcb894fba47980e8dd25b1b078) Importer(815301076,1909f56bfc062723c751e8b465ee728b)
Start importing Assets/Gabs Stuff/New Material 4.mat using Guid(462277dcb894fba47980e8dd25b1b078) Importer(815301076,1909f56bfc062723c751e8b465ee728b)  -> (artifact id: '76b335675faec57da3c40a6a301637a1') in 0.008577 seconds 
  Import took 0.013511 seconds .

========================================================================
Received Prepare
Registering precompiled user dll's ...
Registered in 0.003240 seconds.
Begin MonoManager ReloadAssembly
Native extension for WindowsStandalone target not found
Refreshing native plugins compatible for Editor in 0.76 ms, found 2 plugins.
Preloading 0 native plugins for Editor in 0.00 ms.
Mono: successfully reloaded assembly
- Completed reload, in  1.144 seconds
Domain Reload Profiling:
	ReloadAssembly (1145ms)
		BeginReloadAssembly (163ms)
			ExecutionOrderSort (0ms)
			DisableScriptedObjects (10ms)
			BackupInstance (0ms)
			ReleaseScriptingObjects (0ms)
			CreateAndSetChildDomain (54ms)
		EndReloadAssembly (923ms)
			LoadAssemblies (103ms)
			RebuildTransferFunctionScriptingTraits (0ms)
			SetupTypeCache (326ms)
			ReleaseScriptCaches (1ms)
			RebuildScriptCaches (44ms)
			SetupLoadedEditorAssemblies (316ms)
				LogAssemblyErrors (0ms)
				InitializePlatformSupportModulesInManaged (4ms)
				SetLoadedEditorAssemblies (1ms)
				RefreshPlugins (1ms)
				BeforeProcessingInitializeOnLoad (93ms)
				ProcessInitializeOnLoadAttributes (206ms)
				ProcessInitializeOnLoadMethodAttributes (4ms)
				AfterProcessingInitializeOnLoad (6ms)
				EditorAssembliesLoaded (0ms)
			ExecutionOrderSort2 (0ms)
			AwakeInstancesAfterBackupRestoration (13ms)
Platform modules already initialized, skipping
Refreshing native plugins compatible for Editor in 0.63 ms, found 2 plugins.
Preloading 0 native plugins for Editor in 0.00 ms.
Unloading 3278 Unused Serialized files (Serialized files now loaded: 0)
System memory in use before: 152.0 MB.
System memory in use after: 152.3 MB.

Unloading 13 unused Assets to reduce memory usage. Loaded Objects now: 3966.
Total: 3.467300 ms (FindLiveObjects: 0.325500 ms CreateObjectMapping: 0.201500 ms MarkObjects: 2.919500 ms  DeleteObjects: 0.019700 ms)

AssetImportParameters requested are different than current active one (requested -> active):
  custom:framework-win-MediaFoundation: 216162199b28c13a410421893ffa2e32 -> 
  custom:video-decoder-ogg-theora: a1e56fd34408186e4bbccfd4996cb3dc -> 
  custom:container-muxer-webm: aa71ff27fc2769a1b78a27578f13a17b -> 
  custom:container-demuxer-webm: 4f35f7cbe854078d1ac9338744f61a02 -> 
  custom:container-demuxer-ogg: 62fdf1f143b41e24485cea50d1cbac27 -> 
  custom:video-encoder-webm-vp8: eb34c28f22e8b96e1ab97ce403110664 -> 
  custom:video-decoder-webm-vp8: 9c59270c3fd7afecdb556c50c9e8de78 -> 
  custom:audio-decoder-ogg-vorbis: bf7c407c2cedff20999df2af8eb42d56 -> 
  custom:audio-encoder-webm-vorbis: bf7c407c2cedff20999df2af8eb42d56 -> 
========================================================================
Received Import Request.
  Time since last request: 240.575524 seconds.
  path: Assets/Gabs Stuff/New Material 4.mat
  artifactKey: Guid(462277dcb894fba47980e8dd25b1b078) Importer(815301076,1909f56bfc062723c751e8b465ee728b)
Start importing Assets/Gabs Stuff/New Material 4.mat using Guid(462277dcb894fba47980e8dd25b1b078) Importer(815301076,1909f56bfc062723c751e8b465ee728b)  -> (artifact id: '8b007c7a5ccde8dd666a0d5976356d2a') in 0.146402 seconds 
  Import took 0.151065 seconds .

AssetImportWorkerClient::OnTransportError - code=2 error=End of file
